1570116787469:next
1570116844433:answer: s
1570116849725:start
1570116862932:answer: asdf
1570116960539:start
1570116977455:next
1570116983156:asdfasdf
1570116991853:answer:sdddd
1570116997925:answer: erer
1570117001418:start
1570117099664:next
1570117103406:answer
1570117106000:answer:
1570117110531:start
1570117117109:answer: 1
1570117119342:next
1570117126235:answer: 3
1570117128143:next
1570117133139:answer: 3
1570117134826:next
1570117143603:answer: adfasdfasdf
1570117145730:next
1570117148779:answer: 3
1570117150634:next
